<?xml version="1.0" encoding="UTF-8"?>
<!-- Generated by org.testng.reporters.JUnitXMLReporter -->
<testsuite ignored="0" hostname="B--N-H-D---N-G.local" failures="0" tests="1" name="Regression test with chrome browser" time="1.466" errors="0" timestamp="2023-08-30T20:56:41 ICT">
  <testcase classname="automation.testsuite.Day14_LoginTestFactory" name="@BeforeTest openPage" time="1.457">
    <failure type="org.openqa.selenium.SessionNotCreatedException" message="Could not start a new session. Response code 500. Message: unknown error: cannot find Chrome binary 
Host info: host: &amp;apos;B--N-H-D---N-G.local&amp;apos;, ip: &amp;apos;fe80:0:0:0:148a:dac2:8fb3:161b%en0&amp;apos;
Build info: version: &amp;apos;4.10.0&amp;apos;, revision: &amp;apos;c14d967899&amp;apos;
System info: os.name: &amp;apos;Mac OS X&amp;apos;, os.arch: &amp;apos;aarch64&amp;apos;, os.version: &amp;apos;13.5.1&amp;apos;, java.version: &amp;apos;18.0.2.1&amp;apos;
Driver info: org.openqa.selenium.chrome.ChromeDriver
Command: [null, newSession {capabilities=[Capabilities {browserName: chrome, goog:chromeOptions: {args: [--remote-allow-origins=*], extensions: []}}]}]">
      <![CDATA[org.openqa.selenium.SessionNotCreatedException: Could not start a new session. Response code 500. Message: unknown error: cannot find Chrome binary 
Host info: host: 'B--N-H-D---N-G.local', ip: 'fe80:0:0:0:148a:dac2:8fb3:161b%en0'
Build info: version: '4.10.0', revision: 'c14d967899'
System info: os.name: 'Mac OS X', os.arch: 'aarch64', os.version: '13.5.1', java.version: '18.0.2.1'
Driver info: org.openqa.selenium.chrome.ChromeDriver
Command: [null, newSession {capabilities=[Capabilities {browserName: chrome, goog:chromeOptions: {args: [--remote-allow-origins=*], extensions: []}}]}]
at org.openqa.selenium.remote.ProtocolHandshake.createSession(ProtocolHandshake.java:140)
at org.openqa.selenium.remote.ProtocolHandshake.createSession(ProtocolHandshake.java:96)
at org.openqa.selenium.remote.ProtocolHandshake.createSession(ProtocolHandshake.java:68)
at org.openqa.selenium.remote.HttpCommandExecutor.execute(HttpCommandExecutor.java:163)
at org.openqa.selenium.remote.service.DriverCommandExecutor.invokeExecute(DriverCommandExecutor.java:196)
at org.openqa.selenium.remote.service.DriverCommandExecutor.execute(DriverCommandExecutor.java:171)
at org.openqa.selenium.remote.RemoteWebDriver.execute(RemoteWebDriver.java:531)
at org.openqa.selenium.remote.RemoteWebDriver.startSession(RemoteWebDriver.java:227)
at org.openqa.selenium.remote.RemoteWebDriver.<init>(RemoteWebDriver.java:154)
at org.openqa.selenium.chromium.ChromiumDriver.<init>(ChromiumDriver.java:107)
at org.openqa.selenium.chrome.ChromeDriver.<init>(ChromeDriver.java:87)
at org.openqa.selenium.chrome.ChromeDriver.<init>(ChromeDriver.java:82)
at org.openqa.selenium.chrome.ChromeDriver.<init>(ChromeDriver.java:71)
at automation.common.CommonBase.initChromeDriver(CommonBase.java:206)
at automation.common.CommonBase.setupDriver(CommonBase.java:237)
at automation.testsuite.Day14_LoginTestFactory.openPage(Day14_LoginTestFactory.java:21)
... Removed 22 stack frames]]>
    </failure>
  </testcase> <!-- @BeforeTest openPage -->
  <testcase classname="automation.testsuite.Day14_LoginTestFactory" name="@AfterTest quitDriver" time="-1.693403801108E9">
    <skipped/>
  </testcase> <!-- @AfterTest quitDriver -->
  <testcase classname="automation.testsuite.Day14_LoginTestFactory" name="loginSuccessfully" time="0.0">
    <skipped/>
  </testcase> <!-- loginSuccessfully -->
</testsuite> <!-- Regression test with chrome browser -->
